WARNING: A terminally deprecated method in sun.misc.Unsafe has been called
WARNING: sun.misc.Unsafe::staticFieldBase has been called by com.google.inject.internal.aop.HiddenClassDefiner (file:/C:/Users/JAY/.m2/wrapper/dists/apache-maven-3.9.11/03d7e36a140982eea48e22c1dcac01d8862b2550b2939e09a0809bbc5182a5bc/lib/guice-5.1.0-classes.jar)
WARNING: Please consider reporting this to the maintainers of class com.google.inject.internal.aop.HiddenClassDefiner
WARNING: sun.misc.Unsafe::staticFieldBase will be removed in a future release
[INFO] Scanning for projects...
[INFO] 
[INFO] -----------------------< com.sacco:sacco-system >-----------------------
[INFO] Building SaccoSystem 0.0.1-SNAPSHOT
[INFO]   from pom.xml
[INFO] --------------------------------[ jar ]---------------------------------
[INFO] 
[INFO] >>> spring-boot:4.0.0:run (default-cli) > test-compile @ sacco-system >>>
[INFO] 
[INFO] --- resources:3.3.1:resources (default-resources) @ sacco-system ---
[INFO] Copying 3 resources from src\main\resources to target\classes
[INFO] Copying 3 resources from src\main\resources to target\classes
[INFO] 
[INFO] --- compiler:3.14.1:compile (default-compile) @ sacco-system ---
[INFO] Nothing to compile - all classes are up to date.
[INFO] 
[INFO] --- resources:3.3.1:testResources (default-testResources) @ sacco-system ---
[INFO] skip non existing resourceDirectory C:\Users\JAY\OneDrive\Desktop\sacco-system\src\test\resources
[INFO] 
[INFO] --- compiler:3.14.1:testCompile (default-testCompile) @ sacco-system ---
[INFO] Nothing to compile - all classes are up to date.
[INFO] 
[INFO] <<< spring-boot:4.0.0:run (default-cli) < test-compile @ sacco-system <<<
[INFO] 
[INFO] 
[INFO] --- spring-boot:4.0.0:run (default-cli) @ sacco-system ---
[INFO] Attaching agents: []
? Environment variables loaded successfully.

  .   ____          _            __ _ _
 /\\ / ___'_ __ _ _(_)_ __  __ _ \ \ \ \
( ( )\___ | '_ | '_| | '_ \/ _` | \ \ \ \
 \\/  ___)| |_)| | | | | || (_| |  ) ) ) )
  '  |____| .__|_| |_|_| |_\__, | / / / /
 =========|_|==============|___/=/_/_/_/

 :: Spring Boot ::                (v4.0.0)

2026-01-07T11:00:20.386+03:00  INFO 18356 --- [SaccoSystem] [           main] c.s.sacco_system.SaccoSystemApplication  : Starting SaccoSystemApplication using Java 25.0.1 with PID 18356 (C:\Users\JAY\OneDrive\Desktop\sacco-system\target\classes started by JAY in C:\Users\JAY\OneDrive\Desktop\sacco-system)
2026-01-07T11:00:20.393+03:00 DEBUG 18356 --- [SaccoSystem] [           main] c.s.sacco_system.SaccoSystemApplication  : Running with Spring Boot v4.0.0, Spring v7.0.1
2026-01-07T11:00:20.393+03:00  INFO 18356 --- [SaccoSystem] [           main] c.s.sacco_system.SaccoSystemApplication  : The following 1 profile is active: "dev"
2026-01-07T11:00:22.779+03:00  INFO 18356 --- [SaccoSystem] [           main] .s.d.r.c.RepositoryConfigurationDelegate : Bootstrapping Spring Data JPA repositories in DEFAULT mode.
2026-01-07T11:00:23.141+03:00  INFO 18356 --- [SaccoSystem] [           main] .s.d.r.c.RepositoryConfigurationDelegate : Finished Spring Data repository scanning in 346 ms. Found 27 JPA repository interfaces.
2026-01-07T11:00:25.288+03:00  INFO 18356 --- [SaccoSystem] [           main] o.s.boot.tomcat.TomcatWebServer          : Tomcat initialized with port 8082 (http)
2026-01-07T11:00:25.308+03:00  INFO 18356 --- [SaccoSystem] [           main] o.apache.catalina.core.StandardService   : Starting service [Tomcat]
2026-01-07T11:00:25.309+03:00  INFO 18356 --- [SaccoSystem] [           main] o.apache.catalina.core.StandardEngine    : Starting Servlet engine: [Apache Tomcat/11.0.14]
2026-01-07T11:00:25.425+03:00  INFO 18356 --- [SaccoSystem] [           main] b.w.c.s.WebApplicationContextInitializer : Root WebApplicationContext: initialization completed in 4878 ms
2026-01-07T11:00:25.988+03:00  INFO 18356 --- [SaccoSystem] [           main] o.hibernate.jpa.internal.util.LogHelper  : HHH000204: Processing PersistenceUnitInfo [name: default]
2026-01-07T11:00:26.070+03:00  INFO 18356 --- [SaccoSystem] [           main] org.hibernate.Version                    : HHH000412: Hibernate ORM core version 7.1.8.Final
2026-01-07T11:00:26.860+03:00  INFO 18356 --- [SaccoSystem] [           main] o.s.o.j.p.SpringPersistenceUnitInfo      : No LoadTimeWeaver setup: ignoring JPA class transformer
2026-01-07T11:00:26.963+03:00  INFO 18356 --- [SaccoSystem] [           main] com.zaxxer.hikari.HikariDataSource       : HikariPool-1 - Starting...
2026-01-07T11:00:27.407+03:00  INFO 18356 --- [SaccoSystem] [           main] com.zaxxer.hikari.pool.HikariPool        : HikariPool-1 - Added connection org.postgresql.jdbc.PgConnection@24ccc91b
2026-01-07T11:00:27.412+03:00  INFO 18356 --- [SaccoSystem] [           main] com.zaxxer.hikari.HikariDataSource       : HikariPool-1 - Start completed.
2026-01-07T11:00:27.471+03:00  WARN 18356 --- [SaccoSystem] [           main] org.hibernate.orm.deprecation            : HHH90000025: PostgreSQLDialect does not need to be specified explicitly using 'hibernate.dialect' (remove the property setting and it will be selected by default)
2026-01-07T11:00:27.512+03:00  INFO 18356 --- [SaccoSystem] [           main] org.hibernate.orm.connections.pooling    : HHH10001005: Database info:
	Database JDBC URL [jdbc:postgresql://localhost:5432/sacco_system]
	Database driver: PostgreSQL JDBC Driver
	Database dialect: PostgreSQLDialect
	Database version: 18.1
	Default catalog/schema: sacco_system/public
	Autocommit mode: undefined/unknown
	Isolation level: READ_COMMITTED [default READ_COMMITTED]
	JDBC fetch size: none
	Pool: DatasourceConnectionProviderImpl
	Minimum pool size: undefined/unknown
	Maximum pool size: undefined/unknown
2026-01-07T11:00:33.362+03:00  INFO 18356 --- [SaccoSystem] [           main] o.h.e.t.j.p.i.JtaPlatformInitiator       : HHH000489: No JTA platform available (set 'hibernate.transaction.jta.platform' to enable JTA platform integration)
2026-01-07T11:00:33.893+03:00  INFO 18356 --- [SaccoSystem] [           main] j.LocalContainerEntityManagerFactoryBean : Initialized JPA EntityManagerFactory for persistence unit 'default'
2026-01-07T11:00:34.108+03:00  INFO 18356 --- [SaccoSystem] [           main] o.s.d.j.r.query.QueryEnhancerFactories   : Hibernate is in classpath; If applicable, HQL parser will be used.
2026-01-07T11:00:34.610+03:00 DEBUG 18356 --- [SaccoSystem] [           main] c.s.s.m.c.c.JwtAuthenticationFilter      : Filter 'jwtAuthenticationFilter' configured for use
2026-01-07T11:00:34.612+03:00 DEBUG 18356 --- [SaccoSystem] [           main] o.s.w.f.ServerHttpObservationFilter      : Filter 'webMvcObservationFilter' configured for use
Hibernate: 
    select
        ss1_0.setting_key,
        ss1_0.data_type,
        ss1_0.description,
        ss1_0.setting_value 
    from
        system_settings ss1_0 
    where
        ss1_0.setting_key=?
Hibernate: 
    select
        ss1_0.setting_key,
        ss1_0.data_type,
        ss1_0.description,
        ss1_0.setting_value 
    from
        system_settings ss1_0 
    where
        ss1_0.setting_key=?
Hibernate: 
    select
        ss1_0.setting_key,
        ss1_0.data_type,
        ss1_0.description,
        ss1_0.setting_value 
    from
        system_settings ss1_0 
    where
        ss1_0.setting_key=?
Hibernate: 
    select
        ss1_0.setting_key,
        ss1_0.data_type,
        ss1_0.description,
        ss1_0.setting_value 
    from
        system_settings ss1_0 
    where
        ss1_0.setting_key=?
Hibernate: 
    select
        ss1_0.setting_key,
        ss1_0.data_type,
        ss1_0.description,
        ss1_0.setting_value 
    from
        system_settings ss1_0 
    where
        ss1_0.setting_key=?
Hibernate: 
    select
        ss1_0.setting_key,
        ss1_0.data_type,
        ss1_0.description,
        ss1_0.setting_value 
    from
        system_settings ss1_0 
    where
        ss1_0.setting_key=?
Hibernate: 
    select
        ss1_0.setting_key,
        ss1_0.data_type,
        ss1_0.description,
        ss1_0.setting_value 
    from
        system_settings ss1_0 
    where
        ss1_0.setting_key=?
Hibernate: 
    select
        ss1_0.setting_key,
        ss1_0.data_type,
        ss1_0.description,
        ss1_0.setting_value 
    from
        system_settings ss1_0 
    where
        ss1_0.setting_key=?
Hibernate: 
    select
        ss1_0.setting_key,
        ss1_0.data_type,
        ss1_0.description,
        ss1_0.setting_value 
    from
        system_settings ss1_0 
    where
        ss1_0.setting_key=?
Hibernate: 
    select
        ss1_0.setting_key,
        ss1_0.data_type,
        ss1_0.description,
        ss1_0.setting_value 
    from
        system_settings ss1_0 
    where
        ss1_0.setting_key=?
Hibernate: 
    select
        ss1_0.setting_key,
        ss1_0.data_type,
        ss1_0.description,
        ss1_0.setting_value 
    from
        system_settings ss1_0 
    where
        ss1_0.setting_key=?
Hibernate: 
    select
        ss1_0.setting_key,
        ss1_0.data_type,
        ss1_0.description,
        ss1_0.setting_value 
    from
        system_settings ss1_0 
    where
        ss1_0.setting_key=?
Hibernate: 
    select
        ss1_0.setting_key,
        ss1_0.data_type,
        ss1_0.description,
        ss1_0.setting_value 
    from
        system_settings ss1_0 
    where
        ss1_0.setting_key=?
Hibernate: 
    select
        ss1_0.setting_key,
        ss1_0.data_type,
        ss1_0.description,
        ss1_0.setting_value 
    from
        system_settings ss1_0 
    where
        ss1_0.setting_key=?
Hibernate: 
    select
        ss1_0.setting_key,
        ss1_0.data_type,
        ss1_0.description,
        ss1_0.setting_value 
    from
        system_settings ss1_0 
    where
        ss1_0.setting_key=?
Hibernate: 
    select
        ss1_0.setting_key,
        ss1_0.data_type,
        ss1_0.description,
        ss1_0.setting_value 
    from
        system_settings ss1_0 
    where
        ss1_0.setting_key=?
Hibernate: 
    select
        ss1_0.setting_key,
        ss1_0.data_type,
        ss1_0.description,
        ss1_0.setting_value 
    from
        system_settings ss1_0 
    where
        ss1_0.setting_key=?
Hibernate: 
    select
        ss1_0.setting_key,
        ss1_0.data_type,
        ss1_0.description,
        ss1_0.setting_value 
    from
        system_settings ss1_0 
    where
        ss1_0.setting_key=?
Hibernate: 
    select
        ss1_0.setting_key,
        ss1_0.data_type,
        ss1_0.description,
        ss1_0.setting_value 
    from
        system_settings ss1_0 
    where
        ss1_0.setting_key=?
Hibernate: 
    select
        ss1_0.setting_key,
        ss1_0.data_type,
        ss1_0.description,
        ss1_0.setting_value 
    from
        system_settings ss1_0 
    where
        ss1_0.setting_key=?
Hibernate: 
    select
        ss1_0.setting_key,
        ss1_0.data_type,
        ss1_0.description,
        ss1_0.setting_value 
    from
        system_settings ss1_0 
    where
        ss1_0.setting_key=?
Hibernate: 
    select
        ss1_0.setting_key,
        ss1_0.data_type,
        ss1_0.description,
        ss1_0.setting_value 
    from
        system_settings ss1_0 
    where
        ss1_0.setting_key=?
Hibernate: 
    select
        ss1_0.setting_key,
        ss1_0.data_type,
        ss1_0.description,
        ss1_0.setting_value 
    from
        system_settings ss1_0 
    where
        ss1_0.setting_key=?
Hibernate: 
    select
        ss1_0.setting_key,
        ss1_0.data_type,
        ss1_0.description,
        ss1_0.setting_value 
    from
        system_settings ss1_0 
    where
        ss1_0.setting_key=?
Hibernate: 
    select
        ss1_0.setting_key,
        ss1_0.data_type,
        ss1_0.description,
        ss1_0.setting_value 
    from
        system_settings ss1_0 
    where
        ss1_0.setting_key=?
Hibernate: 
    select
        ss1_0.setting_key,
        ss1_0.data_type,
        ss1_0.description,
        ss1_0.setting_value 
    from
        system_settings ss1_0 
    where
        ss1_0.setting_key=?
Hibernate: 
    select
        ss1_0.setting_key,
        ss1_0.data_type,
        ss1_0.description,
        ss1_0.setting_value 
    from
        system_settings ss1_0 
    where
        ss1_0.setting_key=?
Hibernate: 
    select
        ss1_0.setting_key,
        ss1_0.data_type,
        ss1_0.description,
        ss1_0.setting_value 
    from
        system_settings ss1_0 
    where
        ss1_0.setting_key=?
Hibernate: 
    select
        ss1_0.setting_key,
        ss1_0.data_type,
        ss1_0.description,
        ss1_0.setting_value 
    from
        system_settings ss1_0 
    where
        ss1_0.setting_key=?
Hibernate: 
    select
        ss1_0.setting_key,
        ss1_0.data_type,
        ss1_0.description,
        ss1_0.setting_value 
    from
        system_settings ss1_0 
    where
        ss1_0.setting_key=?
2026-01-07T11:00:39.117+03:00  INFO 18356 --- [SaccoSystem] [           main] eAuthenticationProviderManagerConfigurer : Global AuthenticationManager configured with AuthenticationProvider bean with name authenticationProvider
2026-01-07T11:00:39.118+03:00  WARN 18356 --- [SaccoSystem] [           main] r$InitializeUserDetailsManagerConfigurer : Global AuthenticationManager configured with an AuthenticationProvider bean. UserDetailsService beans will not be used by Spring Security for automatically configuring username/password login. Consider removing the AuthenticationProvider bean. Alternatively, consider using the UserDetailsService in a manually instantiated DaoAuthenticationProvider. If the current configuration is intentional, to turn off this warning, increase the logging level of 'org.springframework.security.config.annotation.authentication.configuration.InitializeUserDetailsBeanManagerConfigurer' to ERROR
2026-01-07T11:00:40.871+03:00  WARN 18356 --- [SaccoSystem] [           main] JpaBaseConfiguration$JpaWebConfiguration : spring.jpa.open-in-view is enabled by default. Therefore, database queries may be performed during view rendering. Explicitly configure spring.jpa.open-in-view to disable this warning
2026-01-07T11:00:41.591+03:00 DEBUG 18356 --- [SaccoSystem] [           main] o.s.s.web.DefaultSecurityFilterChain     : Will secure any request with filters: DisableEncodeUrlFilter, WebAsyncManagerIntegrationFilter, SecurityContextHolderFilter, HeaderWriterFilter, CorsFilter, LogoutFilter, JwtAuthenticationFilter, RequestCacheAwareFilter, SecurityContextHolderAwareRequestFilter, AnonymousAuthenticationFilter, SessionManagementFilter, ExceptionTranslationFilter, AuthorizationFilter
2026-01-07T11:00:42.235+03:00 DEBUG 18356 --- [SaccoSystem] [           main] s.w.s.m.m.a.RequestMappingHandlerMapping : 171 mappings in 'requestMappingHandlerMapping'
2026-01-07T11:00:42.316+03:00 DEBUG 18356 --- [SaccoSystem] [           main] o.s.w.s.handler.SimpleUrlHandlerMapping  : Patterns [/webjars/**, /**, /uploads/**, /swagger-ui*/*swagger-initializer.js, /swagger-ui*/**] in 'resourceHandlerMapping'
2026-01-07T11:00:42.382+03:00 DEBUG 18356 --- [SaccoSystem] [           main] s.w.s.m.m.a.RequestMappingHandlerAdapter : ControllerAdvice beans: 0 @ModelAttribute, 0 @InitBinder, 1 RequestBodyAdvice, 1 ResponseBodyAdvice
2026-01-07T11:00:42.499+03:00 DEBUG 18356 --- [SaccoSystem] [           main] .m.m.a.ExceptionHandlerExceptionResolver : ControllerAdvice beans: 2 @ExceptionHandler, 1 ResponseBodyAdvice
2026-01-07T11:00:43.481+03:00  INFO 18356 --- [SaccoSystem] [           main] o.s.b.a.e.web.EndpointLinksResolver      : Exposing 1 endpoint beneath base path '/actuator'
2026-01-07T11:00:43.660+03:00  WARN 18356 --- [SaccoSystem] [           main] ConfigServletWebServerApplicationContext : Exception encountered during context initialization - cancelling refresh attempt: org.springframework.context.ApplicationContextException: Failed to start bean 'webServerStartStop'
2026-01-07T11:00:43.685+03:00  INFO 18356 --- [SaccoSystem] [           main] j.LocalContainerEntityManagerFactoryBean : Closing JPA EntityManagerFactory for persistence unit 'default'
2026-01-07T11:00:43.689+03:00  INFO 18356 --- [SaccoSystem] [           main] com.zaxxer.hikari.HikariDataSource       : HikariPool-1 - Shutdown initiated...
2026-01-07T11:00:43.716+03:00  INFO 18356 --- [SaccoSystem] [           main] com.zaxxer.hikari.HikariDataSource       : HikariPool-1 - Shutdown completed.
2026-01-07T11:00:43.761+03:00  INFO 18356 --- [SaccoSystem] [           main] .s.b.a.l.ConditionEvaluationReportLogger : 

Error starting ApplicationContext. To display the condition evaluation report re-run your application with 'debug' enabled.
2026-01-07T11:00:43.794+03:00 ERROR 18356 --- [SaccoSystem] [           main] o.s.b.d.LoggingFailureAnalysisReporter   : 

***************************
APPLICATION FAILED TO START
***************************

Description:

Web server failed to start. Port 8082 was already in use.

Action:

Identify and stop the process that's listening on port 8082 or configure this application to listen on another port.

[INFO] ------------------------------------------------------------------------
[INFO] BUILD FAILURE
[INFO] ------------------------------------------------------------------------
[INFO] Total time:  31.481 s
[INFO] Finished at: 2026-01-07T11:00:43+03:00
[INFO] ------------------------------------------------------------------------
[ERROR] Failed to execute goal org.springframework.boot:spring-boot-maven-plugin:4.0.0:run (default-cli) on project sacco-system: Process terminated with exit code: 1 -> [Help 1]
[ERROR] 
[ERROR] To see the full stack trace of the errors, re-run Maven with the -e switch.
[ERROR] Re-run Maven using the -X switch to enable full debug logging.
[ERROR] 
[ERROR] For more information about the errors and possible solutions, please read the following articles:
[ERROR] [Help 1] http://cwiki.apache.org/confluence/display/MAVEN/MojoExecutionException
