WARNING: A restricted method in java.lang.System has been called
WARNING: java.lang.System::load has been called by org.fusesource.jansi.internal.JansiLoader in an unnamed module (file:/C:/apache-maven-3.8.9/lib/jansi-2.4.0.jar)
WARNING: Use --enable-native-access=ALL-UNNAMED to avoid a warning for callers in this module
WARNING: Restricted methods will be blocked in a future release unless native access is enabled

WARNING: A terminally deprecated method in sun.misc.Unsafe has been called
WARNING: sun.misc.Unsafe::objectFieldOffset has been called by com.google.common.util.concurrent.AbstractFuture$UnsafeAtomicHelper (file:/C:/apache-maven-3.8.9/lib/guava-25.1-android.jar)
WARNING: Please consider reporting this to the maintainers of class com.google.common.util.concurrent.AbstractFuture$UnsafeAtomicHelper
WARNING: sun.misc.Unsafe::objectFieldOffset will be removed in a future release
[INFO] Scanning for projects...
[INFO] 
[INFO] -----------------------< com.sacco:sacco-system >-----------------------
[INFO] Building SaccoSystem 0.0.1-SNAPSHOT
[INFO]   from pom.xml
[INFO] --------------------------------[ jar ]---------------------------------
[INFO] 
[INFO] >>> spring-boot-maven-plugin:4.0.0:run (default-cli) > test-compile @ sacco-system >>>
[INFO] 
[INFO] --- maven-resources-plugin:3.3.1:resources (default-resources) @ sacco-system ---
[INFO] Copying 2 resources from src\main\resources to target\classes
[INFO] Copying 1 resource from src\main\resources to target\classes
[INFO] 
[INFO] --- maven-compiler-plugin:3.14.1:compile (default-compile) @ sacco-system ---
[INFO] Nothing to compile - all classes are up to date.
[INFO] 
[INFO] --- maven-resources-plugin:3.3.1:testResources (default-testResources) @ sacco-system ---
[INFO] skip non existing resourceDirectory C:\Users\JAY\OneDrive\Desktop\sacco-system\src\test\resources
[INFO] 
[INFO] --- maven-compiler-plugin:3.14.1:testCompile (default-testCompile) @ sacco-system ---
[INFO] Recompiling the module because of changed source code.
[INFO] Compiling 1 source file with javac [debug parameters release 25] to target\test-classes
[INFO] 
[INFO] <<< spring-boot-maven-plugin:4.0.0:run (default-cli) < test-compile @ sacco-system <<<
[INFO] 
[INFO] 
[INFO] --- spring-boot-maven-plugin:4.0.0:run (default-cli) @ sacco-system ---
[INFO] Attaching agents: []
? Environment variables loaded successfully.

  .   ____          _            __ _ _
 /\\ / ___'_ __ _ _(_)_ __  __ _ \ \ \ \
( ( )\___ | '_ | '_| | '_ \/ _` | \ \ \ \
 \\/  ___)| |_)| | | | | || (_| |  ) ) ) )
  '  |____| .__|_| |_|_| |_\__, | / / / /
 =========|_|==============|___/=/_/_/_/

 :: Spring Boot ::                (v4.0.0)

2025-12-20T20:56:50.427+03:00  INFO 12512 --- [SaccoSystem] [           main] c.s.sacco_system.SaccoSystemApplication  : Starting SaccoSystemApplication using Java 25.0.1 with PID 12512 (C:\Users\JAY\OneDrive\Desktop\sacco-system\target\classes started by JAY in C:\Users\JAY\OneDrive\Desktop\sacco-system)
2025-12-20T20:56:50.432+03:00 DEBUG 12512 --- [SaccoSystem] [           main] c.s.sacco_system.SaccoSystemApplication  : Running with Spring Boot v4.0.0, Spring v7.0.1
2025-12-20T20:56:50.433+03:00  INFO 12512 --- [SaccoSystem] [           main] c.s.sacco_system.SaccoSystemApplication  : No active profile set, falling back to 1 default profile: "default"
2025-12-20T20:56:55.733+03:00  INFO 12512 --- [SaccoSystem] [           main] .s.d.r.c.RepositoryConfigurationDelegate : Bootstrapping Spring Data JPA repositories in DEFAULT mode.
2025-12-20T20:56:56.344+03:00  INFO 12512 --- [SaccoSystem] [           main] .s.d.r.c.RepositoryConfigurationDelegate : Finished Spring Data repository scanning in 565 ms. Found 26 JPA repository interfaces.
2025-12-20T20:56:58.168+03:00  INFO 12512 --- [SaccoSystem] [           main] o.s.boot.tomcat.TomcatWebServer          : Tomcat initialized with port 8082 (http)
2025-12-20T20:56:58.239+03:00  INFO 12512 --- [SaccoSystem] [           main] o.apache.catalina.core.StandardService   : Starting service [Tomcat]
2025-12-20T20:56:58.245+03:00  INFO 12512 --- [SaccoSystem] [           main] o.apache.catalina.core.StandardEngine    : Starting Servlet engine: [Apache Tomcat/11.0.14]
2025-12-20T20:56:58.481+03:00  INFO 12512 --- [SaccoSystem] [           main] b.w.c.s.WebApplicationContextInitializer : Root WebApplicationContext: initialization completed in 7806 ms
2025-12-20T20:56:58.873+03:00  INFO 12512 --- [SaccoSystem] [           main] o.hibernate.jpa.internal.util.LogHelper  : HHH000204: Processing PersistenceUnitInfo [name: default]
2025-12-20T20:56:59.001+03:00  INFO 12512 --- [SaccoSystem] [           main] org.hibernate.Version                    : HHH000412: Hibernate ORM core version 7.1.8.Final
2025-12-20T20:57:00.688+03:00  INFO 12512 --- [SaccoSystem] [           main] o.s.o.j.p.SpringPersistenceUnitInfo      : No LoadTimeWeaver setup: ignoring JPA class transformer
2025-12-20T20:57:00.823+03:00  INFO 12512 --- [SaccoSystem] [           main] com.zaxxer.hikari.HikariDataSource       : HikariPool-1 - Starting...
2025-12-20T20:57:01.481+03:00  INFO 12512 --- [SaccoSystem] [           main] com.zaxxer.hikari.pool.HikariPool        : HikariPool-1 - Added connection org.postgresql.jdbc.PgConnection@21b2579d
2025-12-20T20:57:01.484+03:00  INFO 12512 --- [SaccoSystem] [           main] com.zaxxer.hikari.HikariDataSource       : HikariPool-1 - Start completed.
2025-12-20T20:57:01.559+03:00  WARN 12512 --- [SaccoSystem] [           main] org.hibernate.orm.deprecation            : HHH90000025: PostgreSQLDialect does not need to be specified explicitly using 'hibernate.dialect' (remove the property setting and it will be selected by default)
2025-12-20T20:57:01.625+03:00  INFO 12512 --- [SaccoSystem] [           main] org.hibernate.orm.connections.pooling    : HHH10001005: Database info:
	Database JDBC URL [jdbc:postgresql://localhost:5432/sacco_system]
	Database driver: PostgreSQL JDBC Driver
	Database dialect: PostgreSQLDialect
	Database version: 18.1
	Default catalog/schema: sacco_system/public
	Autocommit mode: undefined/unknown
	Isolation level: READ_COMMITTED [default READ_COMMITTED]
	JDBC fetch size: none
	Pool: DatasourceConnectionProviderImpl
	Minimum pool size: undefined/unknown
	Maximum pool size: undefined/unknown
2025-12-20T20:57:06.597+03:00  INFO 12512 --- [SaccoSystem] [           main] o.h.e.t.j.p.i.JtaPlatformInitiator       : HHH000489: No JTA platform available (set 'hibernate.transaction.jta.platform' to enable JTA platform integration)
2025-12-20T20:57:07.231+03:00  INFO 12512 --- [SaccoSystem] [           main] j.LocalContainerEntityManagerFactoryBean : Initialized JPA EntityManagerFactory for persistence unit 'default'
2025-12-20T20:57:07.664+03:00  INFO 12512 --- [SaccoSystem] [           main] o.s.d.j.r.query.QueryEnhancerFactories   : Hibernate is in classpath; If applicable, HQL parser will be used.
2025-12-20T20:57:08.999+03:00 DEBUG 12512 --- [SaccoSystem] [           main] c.s.s.m.c.c.JwtAuthenticationFilter      : Filter 'jwtAuthenticationFilter' configured for use
Hibernate: 
    select
        ss1_0.setting_key,
        ss1_0.data_type,
        ss1_0.description,
        ss1_0.setting_value 
    from
        system_settings ss1_0 
    where
        ss1_0.setting_key=?
Hibernate: 
    select
        ss1_0.setting_key,
        ss1_0.data_type,
        ss1_0.description,
        ss1_0.setting_value 
    from
        system_settings ss1_0 
    where
        ss1_0.setting_key=?
Hibernate: 
    select
        ss1_0.setting_key,
        ss1_0.data_type,
        ss1_0.description,
        ss1_0.setting_value 
    from
        system_settings ss1_0 
    where
        ss1_0.setting_key=?
Hibernate: 
    select
        ss1_0.setting_key,
        ss1_0.data_type,
        ss1_0.description,
        ss1_0.setting_value 
    from
        system_settings ss1_0 
    where
        ss1_0.setting_key=?
Hibernate: 
    select
        ss1_0.setting_key,
        ss1_0.data_type,
        ss1_0.description,
        ss1_0.setting_value 
    from
        system_settings ss1_0 
    where
        ss1_0.setting_key=?
Hibernate: 
    select
        ss1_0.setting_key,
        ss1_0.data_type,
        ss1_0.description,
        ss1_0.setting_value 
    from
        system_settings ss1_0 
    where
        ss1_0.setting_key=?
Hibernate: 
    select
        ss1_0.setting_key,
        ss1_0.data_type,
        ss1_0.description,
        ss1_0.setting_value 
    from
        system_settings ss1_0 
    where
        ss1_0.setting_key=?
Hibernate: 
    select
        ss1_0.setting_key,
        ss1_0.data_type,
        ss1_0.description,
        ss1_0.setting_value 
    from
        system_settings ss1_0 
    where
        ss1_0.setting_key=?
Hibernate: 
    select
        ss1_0.setting_key,
        ss1_0.data_type,
        ss1_0.description,
        ss1_0.setting_value 
    from
        system_settings ss1_0 
    where
        ss1_0.setting_key=?
Hibernate: 
    select
        ss1_0.setting_key,
        ss1_0.data_type,
        ss1_0.description,
        ss1_0.setting_value 
    from
        system_settings ss1_0 
    where
        ss1_0.setting_key=?
Hibernate: 
    select
        ss1_0.setting_key,
        ss1_0.data_type,
        ss1_0.description,
        ss1_0.setting_value 
    from
        system_settings ss1_0 
    where
        ss1_0.setting_key=?
Hibernate: 
    select
        ss1_0.setting_key,
        ss1_0.data_type,
        ss1_0.description,
        ss1_0.setting_value 
    from
        system_settings ss1_0 
    where
        ss1_0.setting_key=?
Hibernate: 
    select
        ss1_0.setting_key,
        ss1_0.data_type,
        ss1_0.description,
        ss1_0.setting_value 
    from
        system_settings ss1_0 
    where
        ss1_0.setting_key=?
Hibernate: 
    select
        ss1_0.setting_key,
        ss1_0.data_type,
        ss1_0.description,
        ss1_0.setting_value 
    from
        system_settings ss1_0 
    where
        ss1_0.setting_key=?
Hibernate: 
    select
        ss1_0.setting_key,
        ss1_0.data_type,
        ss1_0.description,
        ss1_0.setting_value 
    from
        system_settings ss1_0 
    where
        ss1_0.setting_key=?
Hibernate: 
    select
        ss1_0.setting_key,
        ss1_0.data_type,
        ss1_0.description,
        ss1_0.setting_value 
    from
        system_settings ss1_0 
    where
        ss1_0.setting_key=?
Hibernate: 
    select
        ss1_0.setting_key,
        ss1_0.data_type,
        ss1_0.description,
        ss1_0.setting_value 
    from
        system_settings ss1_0 
    where
        ss1_0.setting_key=?
Hibernate: 
    select
        ss1_0.setting_key,
        ss1_0.data_type,
        ss1_0.description,
        ss1_0.setting_value 
    from
        system_settings ss1_0 
    where
        ss1_0.setting_key=?
Hibernate: 
    select
        ss1_0.setting_key,
        ss1_0.data_type,
        ss1_0.description,
        ss1_0.setting_value 
    from
        system_settings ss1_0 
    where
        ss1_0.setting_key=?
Hibernate: 
    select
        ss1_0.setting_key,
        ss1_0.data_type,
        ss1_0.description,
        ss1_0.setting_value 
    from
        system_settings ss1_0 
    where
        ss1_0.setting_key=?
Hibernate: 
    select
        ss1_0.setting_key,
        ss1_0.data_type,
        ss1_0.description,
        ss1_0.setting_value 
    from
        system_settings ss1_0 
    where
        ss1_0.setting_key=?
Hibernate: 
    select
        ss1_0.setting_key,
        ss1_0.data_type,
        ss1_0.description,
        ss1_0.setting_value 
    from
        system_settings ss1_0 
    where
        ss1_0.setting_key=?
Hibernate: 
    select
        ss1_0.setting_key,
        ss1_0.data_type,
        ss1_0.description,
        ss1_0.setting_value 
    from
        system_settings ss1_0 
    where
        ss1_0.setting_key=?
2025-12-20T20:57:15.581+03:00  INFO 12512 --- [SaccoSystem] [           main] eAuthenticationProviderManagerConfigurer : Global AuthenticationManager configured with AuthenticationProvider bean with name authenticationProvider
2025-12-20T20:57:15.582+03:00  WARN 12512 --- [SaccoSystem] [           main] r$InitializeUserDetailsManagerConfigurer : Global AuthenticationManager configured with an AuthenticationProvider bean. UserDetailsService beans will not be used by Spring Security for automatically configuring username/password login. Consider removing the AuthenticationProvider bean. Alternatively, consider using the UserDetailsService in a manually instantiated DaoAuthenticationProvider. If the current configuration is intentional, to turn off this warning, increase the logging level of 'org.springframework.security.config.annotation.authentication.configuration.InitializeUserDetailsBeanManagerConfigurer' to ERROR
2025-12-20T20:57:17.555+03:00  WARN 12512 --- [SaccoSystem] [           main] JpaBaseConfiguration$JpaWebConfiguration : spring.jpa.open-in-view is enabled by default. Therefore, database queries may be performed during view rendering. Explicitly configure spring.jpa.open-in-view to disable this warning
2025-12-20T20:57:18.351+03:00 DEBUG 12512 --- [SaccoSystem] [           main] o.s.s.web.DefaultSecurityFilterChain     : Will secure any request with filters: DisableEncodeUrlFilter, WebAsyncManagerIntegrationFilter, SecurityContextHolderFilter, HeaderWriterFilter, CorsFilter, LogoutFilter, JwtAuthenticationFilter, RequestCacheAwareFilter, SecurityContextHolderAwareRequestFilter, AnonymousAuthenticationFilter, SessionManagementFilter, ExceptionTranslationFilter, AuthorizationFilter
2025-12-20T20:57:18.840+03:00 DEBUG 12512 --- [SaccoSystem] [           main] s.w.s.m.m.a.RequestMappingHandlerMapping : 158 mappings in 'requestMappingHandlerMapping'
2025-12-20T20:57:18.937+03:00 DEBUG 12512 --- [SaccoSystem] [           main] o.s.w.s.handler.SimpleUrlHandlerMapping  : Patterns [/webjars/**, /**, /uploads/**, /swagger-ui*/*swagger-initializer.js, /swagger-ui*/**] in 'resourceHandlerMapping'
2025-12-20T20:57:19.016+03:00 DEBUG 12512 --- [SaccoSystem] [           main] s.w.s.m.m.a.RequestMappingHandlerAdapter : ControllerAdvice beans: 0 @ModelAttribute, 0 @InitBinder, 1 RequestBodyAdvice, 1 ResponseBodyAdvice
2025-12-20T20:57:19.200+03:00 DEBUG 12512 --- [SaccoSystem] [           main] .m.m.a.ExceptionHandlerExceptionResolver : ControllerAdvice beans: 2 @ExceptionHandler, 1 ResponseBodyAdvice
2025-12-20T20:57:19.838+03:00  WARN 12512 --- [SaccoSystem] [           main] ConfigServletWebServerApplicationContext : Exception encountered during context initialization - cancelling refresh attempt: org.springframework.context.ApplicationContextException: Failed to start bean 'webServerStartStop'
2025-12-20T20:57:19.856+03:00  INFO 12512 --- [SaccoSystem] [           main] j.LocalContainerEntityManagerFactoryBean : Closing JPA EntityManagerFactory for persistence unit 'default'
2025-12-20T20:57:19.863+03:00  INFO 12512 --- [SaccoSystem] [           main] com.zaxxer.hikari.HikariDataSource       : HikariPool-1 - Shutdown initiated...
2025-12-20T20:57:19.920+03:00  INFO 12512 --- [SaccoSystem] [           main] com.zaxxer.hikari.HikariDataSource       : HikariPool-1 - Shutdown completed.
2025-12-20T20:57:19.967+03:00  INFO 12512 --- [SaccoSystem] [           main] .s.b.a.l.ConditionEvaluationReportLogger : 

Error starting ApplicationContext. To display the condition evaluation report re-run your application with 'debug' enabled.
2025-12-20T20:57:20.047+03:00 ERROR 12512 --- [SaccoSystem] [           main] o.s.b.d.LoggingFailureAnalysisReporter   : 

***************************
APPLICATION FAILED TO START
***************************

Description:

Web server failed to start. Port 8082 was already in use.

Action:

Identify and stop the process that's listening on port 8082 or configure this application to listen on another port.

[INFO] ------------------------------------------------------------------------
[INFO] BUILD FAILURE
[INFO] ------------------------------------------------------------------------
[INFO] Total time:  45.214 s
[INFO] Finished at: 2025-12-20T20:57:20+03:00
[INFO] ------------------------------------------------------------------------
[ERROR] Failed to execute goal org.springframework.boot:spring-boot-maven-plugin:4.0.0:run (default-cli) on project sacco-system: Process terminated with exit code: 1 -> [Help 1]
[ERROR] 
[ERROR] To see the full stack trace of the errors, re-run Maven with the -e switch.
[ERROR] Re-run Maven using the -X switch to enable full debug logging.
[ERROR] 
[ERROR] For more information about the errors and possible solutions, please read the following articles:
[ERROR] [Help 1] http://cwiki.apache.org/confluence/display/MAVEN/MojoExecutionException
